2025-12-31 16:14:19,301 - INFO - 
===== 开始生成量化投资决策报告 =====
2025-12-31 16:14:19,301 - INFO - 
===== 开始批量处理股票数据（深度优化版） =====
2025-12-31 16:14:19,301 - WARNING - 基础列表接口失败，使用热点股票池：stock_info_a_code_name() got an unexpected keyword
2025-12-31 16:14:19,303 - INFO - 🔄 批次 1/13：处理 1-8 只股票（共100只）
2025-12-31 16:14:19,303 - WARNING - 板块接口失败，使用预定义映射：stock_board_industry_name_ths() got an unexpected 
2025-12-31 16:14:42,921 - INFO - 🔄 批次 2/13：处理 9-16 只股票（共100只）
2025-12-31 16:15:06,597 - INFO - 🔄 批次 3/13：处理 17-24 只股票（共100只）
2025-12-31 16:15:29,488 - INFO - 🔄 批次 4/13：处理 25-32 只股票（共100只）
2025-12-31 16:15:51,460 - INFO - 🔄 批次 5/13：处理 33-40 只股票（共100只）
2025-12-31 16:16:12,973 - INFO - 🔄 批次 6/13：处理 41-48 只股票（共100只）
2025-12-31 16:16:34,959 - INFO - 🔄 批次 7/13：处理 49-56 只股票（共100只）
2025-12-31 16:16:57,591 - INFO - 🔄 批次 8/13：处理 57-64 只股票（共100只）
2025-12-31 16:17:19,189 - INFO - 🔄 批次 9/13：处理 65-72 只股票（共100只）
2025-12-31 16:17:40,684 - INFO - 🔄 批次 10/13：处理 73-80 只股票（共100只）
2025-12-31 16:18:03,971 - INFO - 🔄 批次 11/13：处理 81-88 只股票（共100只）
2025-12-31 16:18:27,427 - INFO - 🔄 批次 12/13：处理 89-96 只股票（共100只）
2025-12-31 16:18:54,315 - INFO - 🔄 批次 13/13：处理 97-100 只股票（共100只）
2025-12-31 16:19:04,509 - INFO - 
✅ 批量处理完成！核心统计：
2025-12-31 16:19:04,509 - INFO -    - 总股票数：100只
2025-12-31 16:19:04,510 - INFO -    - 真实数据占比：0.0%
2025-12-31 16:19:04,510 - INFO -    - 平均ROE：10.6% | 平均PE：21.4倍
2025-12-31 16:19:04,510 - INFO -    - 热点赛道股票：25只 | 最高分：100.00
2025-12-31 16:19:04,510 - INFO - 
🏆 前50只高分股票（核心投资标的）：
2025-12-31 16:19:04,517 - INFO - 🤖 生成AI深度分析报告...
2025-12-31 16:19:04,526 - INFO - ✅ 投资报告已保存：C:\Users\Administrator\Desktop\quant_strategy\量化选股报告_2025-12-31.md
2025-12-31 16:19:04,526 - INFO - 
🎉 量化选股流程完成！报告包含真实市场数据和完整投资建议。
