2026-01-06 16:03:46,933 - __main__ - INFO - ✅ [get_real_time_market_spot] 成功（第1次）
2026-01-06 16:03:46,934 - __main__ - INFO - ✅ [get_real_time_market_summary] 成功（第1次）
2026-01-06 16:04:50,699 - __main__ - INFO - ✅ [get_real_time_market_spot] 成功（第1次）
2026-01-06 16:04:50,703 - __main__ - INFO - ✅ [get_real_time_board_flow] 成功（第1次）
2026-01-06 16:06:05,317 - __main__ - INFO - ✅ [get_real_time_market_spot] 成功（第1次）
2026-01-06 16:06:05,319 - __main__ - INFO - ✅ [get_real_time_board_stocks] 成功（第1次）
2026-01-06 16:07:08,603 - __main__ - INFO - ✅ [get_real_time_market_spot] 成功（第1次）
2026-01-06 16:07:08,604 - __main__ - INFO - ✅ [get_real_time_board_stocks] 成功（第1次）
2026-01-06 16:08:20,500 - __main__ - INFO - ✅ [get_real_time_market_spot] 成功（第1次）
2026-01-06 16:08:20,501 - __main__ - INFO - ✅ [get_real_time_board_stocks] 成功（第1次）
2026-01-06 16:09:31,947 - __main__ - INFO - ✅ [get_real_time_market_spot] 成功（第1次）
2026-01-06 16:09:31,949 - __main__ - INFO - ✅ [get_real_time_board_stocks] 成功（第1次）
2026-01-06 16:10:43,180 - __main__ - INFO - ✅ [get_real_time_market_spot] 成功（第1次）
2026-01-06 16:10:43,183 - __main__ - INFO - ✅ [get_real_time_board_stocks] 成功（第1次）
2026-01-06 16:11:53,615 - __main__ - INFO - ✅ [get_real_time_market_spot] 成功（第1次）
2026-01-06 16:11:53,616 - __main__ - INFO - ✅ [get_real_time_board_stocks] 成功（第1次）
2026-01-06 16:13:00,867 - __main__ - INFO - ✅ [get_real_time_market_spot] 成功（第1次）
2026-01-06 16:13:00,868 - __main__ - INFO - ✅ [get_real_time_board_stocks] 成功（第1次）
2026-01-06 16:14:08,883 - __main__ - INFO - ✅ [get_real_time_market_spot] 成功（第1次）
2026-01-06 16:14:08,884 - __main__ - INFO - ✅ [get_real_time_board_stocks] 成功（第1次）
2026-01-06 16:14:09,065 - __main__ - INFO - ✅ [get_real_time_stock_kline] 成功（第1次）
2026-01-06 16:15:21,948 - __main__ - INFO - ✅ [get_real_time_market_spot] 成功（第1次）
2026-01-06 16:15:21,950 - __main__ - INFO - ✅ [get_real_time_stock_fund_flow] 成功（第1次）
2026-01-06 16:15:22,305 - __main__ - INFO - ✅ [get_real_time_stock_kline] 成功（第1次）
2026-01-06 16:16:32,190 - __main__ - INFO - ✅ [get_real_time_market_spot] 成功（第1次）
2026-01-06 16:16:32,191 - __main__ - INFO - ✅ [get_real_time_stock_fund_flow] 成功（第1次）
2026-01-06 16:16:32,443 - __main__ - INFO - ✅ [get_real_time_stock_kline] 成功（第1次）
2026-01-06 16:17:44,280 - __main__ - INFO - ✅ [get_real_time_market_spot] 成功（第1次）
2026-01-06 16:17:44,281 - __main__ - INFO - ✅ [get_real_time_stock_fund_flow] 成功（第1次）
2026-01-06 16:17:44,517 - __main__ - INFO - ✅ [get_real_time_stock_kline] 成功（第1次）
2026-01-06 16:18:59,535 - __main__ - INFO - ✅ [get_real_time_market_spot] 成功（第1次）
2026-01-06 16:18:59,536 - __main__ - INFO - ✅ [get_real_time_stock_fund_flow] 成功（第1次）
2026-01-06 16:18:59,817 - __main__ - INFO - ✅ [get_real_time_stock_kline] 成功（第1次）
2026-01-06 16:20:04,952 - __main__ - INFO - ✅ [get_real_time_market_spot] 成功（第1次）
2026-01-06 16:20:04,954 - __main__ - INFO - ✅ [get_real_time_stock_fund_flow] 成功（第1次）
2026-01-06 16:20:05,273 - __main__ - INFO - ✅ [get_real_time_stock_kline] 成功（第1次）
2026-01-06 16:21:06,287 - __main__ - INFO - ✅ [get_real_time_market_spot] 成功（第1次）
2026-01-06 16:21:06,289 - __main__ - INFO - ✅ [get_real_time_stock_fund_flow] 成功（第1次）
